<?xml version="1.0" encoding="UTF-8"?>
<!-- Generated by org.testng.reporters.JUnitXMLReporter -->
<testsuite ignored="0" hostname="DESKTOP-OIBOMJT" failures="0" tests="18" name="Advanced API Tests" time="8.046" errors="0" timestamp="2025-11-20T19:16:34 WIB">
  <testcase classname="com.praktikum.rest.tests.AdvancedAPITests" name="testCreateUserWithEmptyBody" time="0.471"/>
  <testcase classname="com.praktikum.rest.tests.AdvancedAPITests" name="testCreateUserWithFakerJson" time="1.093"/>
  <testcase classname="com.praktikum.rest.tests.AdvancedAPITests" name="testCreateUserWithHashMap" time="0.759"/>
  <testcase classname="com.praktikum.rest.tests.AdvancedAPITests" name="testCreateUserWithInvalidJSON" time="0.877"/>
  <testcase classname="com.praktikum.rest.tests.AdvancedAPITests" name="testCreateUserWithNullValues" time="0.525"/>
  <testcase classname="com.praktikum.rest.tests.AdvancedAPITests" name="testCreateUserWithVeryLongName" time="0.394"/>
  <testcase classname="com.praktikum.rest.tests.AdvancedAPITests" name="testDataDrivenWithFaker" time="0.875"/>
  <testcase classname="com.praktikum.rest.tests.AdvancedAPITests" name="testGetPostsForUser" time="0.168"/>
  <testcase classname="com.praktikum.rest.tests.AdvancedAPITests" name="testGetUserWithInvalidId" time="0.152"/>
  <testcase classname="com.praktikum.rest.tests.AdvancedAPITests" name="testMultipleUsersWithDataProvider" time="0.176"/>
  <testcase classname="com.praktikum.rest.tests.AdvancedAPITests" name="testMultipleUsersWithDataProvider" time="0.212"/>
  <testcase classname="com.praktikum.rest.tests.AdvancedAPITests" name="testMultipleUsersWithDataProvider" time="0.213"/>
  <testcase classname="com.praktikum.rest.tests.AdvancedAPITests" name="testMultipleUsersWithDataProvider" time="0.197"/>
  <testcase classname="com.praktikum.rest.tests.AdvancedAPITests" name="testMultipleUsersWithDataProvider" time="0.229"/>
  <testcase classname="com.praktikum.rest.tests.AdvancedAPITests" name="testPaginationFunctionality" time="0.272"/>
  <testcase classname="com.praktikum.rest.tests.AdvancedAPITests" name="testResponseHeadersValidation" time="0.194"/>
  <testcase classname="com.praktikum.rest.tests.AdvancedAPITests" name="testResponseTimePerformance" time="0.195"/>
  <testcase classname="com.praktikum.rest.tests.AdvancedAPITests" name="testUpdateUserWithPartialData" time="0.94"/>
</testsuite> <!-- Advanced API Tests -->
