<?xml version="1.0" encoding="UTF-8"?>
<!-- Generated by org.testng.reporters.JUnitXMLReporter -->
<testsuite ignored="0" hostname="DESKTOP-OIBOMJT" failures="0" tests="6" name="Authentication Tests - ReqRes" time="1.933" errors="0" timestamp="2025-11-20T19:16:26 WIB">
  <testcase classname="com.praktikum.rest.tests.AuthenticationTests" name="testCreatePostWithoutAuth" time="0.604"/>
  <testcase classname="com.praktikum.rest.tests.AuthenticationTests" name="testFailedAuthenticationMock" time="0.197"/>
  <testcase classname="com.praktikum.rest.tests.AuthenticationTests" name="testReqResAPIAvailability" time="0.192"/>
  <testcase classname="com.praktikum.rest.tests.AuthenticationTests" name="testResponseHeaders" time="0.25"/>
  <testcase classname="com.praktikum.rest.tests.AuthenticationTests" name="testSuccessfulLoginMock" time="0.203"/>
  <testcase classname="com.praktikum.rest.tests.AuthenticationTests" name="testWithMalformedData" time="0.449"/>
</testsuite> <!-- Authentication Tests - ReqRes -->
