<?xml version="1.0" encoding="UTF-8"?>
<!-- Generated by org.testng.reporters.JUnitXMLReporter -->
<testsuite ignored="0" hostname="DESKTOP-OIBOMJT" failures="0" tests="6" name="Faker Data Tests" time="3.817" errors="0" timestamp="2025-11-20T19:16:38 WIB">
  <testcase classname="com.praktikum.rest.tests.FakerDataTests" name="testCreateMultipleUsersWithFaker" time="0.825"/>
  <testcase classname="com.praktikum.rest.tests.FakerDataTests" name="testCreateUserWithAddress" time="0.393"/>
  <testcase classname="com.praktikum.rest.tests.FakerDataTests" name="testCreateUserWithCompanyData" time="0.397"/>
  <testcase classname="com.praktikum.rest.tests.FakerDataTests" name="testCreateUserWithFakerData" time="0.471"/>
  <testcase classname="com.praktikum.rest.tests.FakerDataTests" name="testCreateUserWithIndonesianData" time="0.433"/>
  <testcase classname="com.praktikum.rest.tests.FakerDataTests" name="testDataVariationWithFaker" time="1.271"/>
</testsuite> <!-- Faker Data Tests -->
