<?xml version="1.0" encoding="UTF-8"?>
<!-- Generated by org.testng.reporters.JUnitXMLReporter -->
<testsuite ignored="0" hostname="DESKTOP-OIBOMJT" failures="0" tests="6" name="User API Tests - JSONPlaceholder" time="14.481" errors="0" timestamp="2025-11-20T19:16:24 WIB">
  <testcase classname="com.praktikum.rest.tests.UserAPITests" name="testCreateUser" time="3.707"/>
  <testcase classname="com.praktikum.rest.tests.UserAPITests" name="testDeleteUser" time="0.461"/>
  <testcase classname="com.praktikum.rest.tests.UserAPITests" name="testGetAllUsers" time="0.985"/>
  <testcase classname="com.praktikum.rest.tests.UserAPITests" name="testGetUserById" time="6.315"/>
  <testcase classname="com.praktikum.rest.tests.UserAPITests" name="testGetUserNotFound" time="0.304"/>
  <testcase classname="com.praktikum.rest.tests.UserAPITests" name="testUpdateUser" time="1.398"/>
</testsuite> <!-- User API Tests - JSONPlaceholder -->
