<?xml version="1.0" encoding="UTF-8"?>
<testng-results ignored="0" total="36" passed="36" failed="0" skipped="0">
  <reporter-output>
  </reporter-output>
  <suite started-at="2025-11-20T19:16:10 WIB" name="API Testing Suite" finished-at="2025-11-20T19:16:38 WIB" duration-ms="28447">
    <groups>
    </groups>
    <test started-at="2025-11-20T19:16:10 WIB" name="User API Tests - JSONPlaceholder" finished-at="2025-11-20T19:16:24 WIB" duration-ms="14481">
      <class name="com.praktikum.rest.tests.UserAPITests">
        <test-method is-config="true" signature="setup()[pri:0, instance:com.praktikum.rest.tests.UserAPITests@5c33f1a9]" started-at="2025-11-20T19:16:10 WIB" name="setup" finished-at="2025-11-20T19:16:11 WIB" duration-ms="1075" status="PASS">
          <reporter-output>
          </reporter-output>
        </test-method> <!-- setup -->
        <test-method is-config="true" signature="setupMethod()[pri:0, instance:com.praktikum.rest.tests.UserAPITests@5c33f1a9]" started-at="2025-11-20T19:16:11 WIB" name="setupMethod" finished-at="2025-11-20T19:16:11 WIB" duration-ms="121" status="PASS">
          <reporter-output>
          </reporter-output>
        </test-method> <!-- setupMethod -->
        <test-method signature="testCreateUser()[pri:0, instance:com.praktikum.rest.tests.UserAPITests@5c33f1a9]" started-at="2025-11-20T19:16:11 WIB" name="testCreateUser" finished-at="2025-11-20T19:16:15 WIB" duration-ms="3707" status="PASS">
          <reporter-output>
          </reporter-output>
        </test-method> <!-- testCreateUser -->
        <test-method is-config="true" signature="setupMethod()[pri:0, instance:com.praktikum.rest.tests.UserAPITests@5c33f1a9]" started-at="2025-11-20T19:16:15 WIB" name="setupMethod" finished-at="2025-11-20T19:16:15 WIB" duration-ms="12" status="PASS">
          <reporter-output>
          </reporter-output>
        </test-method> <!-- setupMethod -->
        <test-method signature="testDeleteUser()[pri:0, instance:com.praktikum.rest.tests.UserAPITests@5c33f1a9]" started-at="2025-11-20T19:16:15 WIB" name="testDeleteUser" finished-at="2025-11-20T19:16:15 WIB" duration-ms="461" status="PASS">
          <reporter-output>
          </reporter-output>
        </test-method> <!-- testDeleteUser -->
        <test-method is-config="true" signature="setupMethod()[pri:0, instance:com.praktikum.rest.tests.UserAPITests@5c33f1a9]" started-at="2025-11-20T19:16:15 WIB" name="setupMethod" finished-at="2025-11-20T19:16:15 WIB" duration-ms="3" status="PASS">
          <reporter-output>
          </reporter-output>
        </test-method> <!-- setupMethod -->
        <test-method signature="testGetAllUsers()[pri:0, instance:com.praktikum.rest.tests.UserAPITests@5c33f1a9]" started-at="2025-11-20T19:16:15 WIB" name="testGetAllUsers" finished-at="2025-11-20T19:16:16 WIB" duration-ms="985" status="PASS">
          <reporter-output>
          </reporter-output>
        </test-method> <!-- testGetAllUsers -->
        <test-method is-config="true" signature="setupMethod()[pri:0, instance:com.praktikum.rest.tests.UserAPITests@5c33f1a9]" started-at="2025-11-20T19:16:16 WIB" name="setupMethod" finished-at="2025-11-20T19:16:16 WIB" duration-ms="9" status="PASS">
          <reporter-output>
          </reporter-output>
        </test-method> <!-- setupMethod -->
        <test-method signature="testGetUserById()[pri:0, instance:com.praktikum.rest.tests.UserAPITests@5c33f1a9]" started-at="2025-11-20T19:16:16 WIB" name="testGetUserById" finished-at="2025-11-20T19:16:22 WIB" duration-ms="6315" status="PASS">
          <reporter-output>
          </reporter-output>
        </test-method> <!-- testGetUserById -->
        <test-method is-config="true" signature="setupMethod()[pri:0, instance:com.praktikum.rest.tests.UserAPITests@5c33f1a9]" started-at="2025-11-20T19:16:22 WIB" name="setupMethod" finished-at="2025-11-20T19:16:22 WIB" duration-ms="4" status="PASS">
          <reporter-output>
          </reporter-output>
        </test-method> <!-- setupMethod -->
        <test-method signature="testGetUserNotFound()[pri:0, instance:com.praktikum.rest.tests.UserAPITests@5c33f1a9]" started-at="2025-11-20T19:16:22 WIB" name="testGetUserNotFound" finished-at="2025-11-20T19:16:23 WIB" duration-ms="304" status="PASS">
          <reporter-output>
          </reporter-output>
        </test-method> <!-- testGetUserNotFound -->
        <test-method is-config="true" signature="setupMethod()[pri:0, instance:com.praktikum.rest.tests.UserAPITests@5c33f1a9]" started-at="2025-11-20T19:16:23 WIB" name="setupMethod" finished-at="2025-11-20T19:16:23 WIB" duration-ms="3" status="PASS">
          <reporter-output>
          </reporter-output>
        </test-method> <!-- setupMethod -->
        <test-method signature="testUpdateUser()[pri:0, instance:com.praktikum.rest.tests.UserAPITests@5c33f1a9]" started-at="2025-11-20T19:16:23 WIB" name="testUpdateUser" finished-at="2025-11-20T19:16:24 WIB" duration-ms="1398" status="PASS">
          <reporter-output>
          </reporter-output>
        </test-method> <!-- testUpdateUser -->
      </class> <!-- com.praktikum.rest.tests.UserAPITests -->
    </test> <!-- User API Tests - JSONPlaceholder -->
    <test started-at="2025-11-20T19:16:24 WIB" name="Authentication Tests - ReqRes" finished-at="2025-11-20T19:16:26 WIB" duration-ms="1933">
      <class name="com.praktikum.rest.tests.AuthenticationTests">
        <test-method is-config="true" signature="setup()[pri:0, instance:com.praktikum.rest.tests.AuthenticationTests@776aec5c]" started-at="2025-11-20T19:16:24 WIB" name="setup" finished-at="2025-11-20T19:16:24 WIB" duration-ms="3" status="PASS">
          <reporter-output>
          </reporter-output>
        </test-method> <!-- setup -->
        <test-method is-config="true" signature="setupMethod()[pri:0, instance:com.praktikum.rest.tests.AuthenticationTests@776aec5c]" started-at="2025-11-20T19:16:24 WIB" name="setupMethod" finished-at="2025-11-20T19:16:24 WIB" duration-ms="3" status="PASS">
          <reporter-output>
          </reporter-output>
        </test-method> <!-- setupMethod -->
        <test-method signature="testCreatePostWithoutAuth()[pri:0, instance:com.praktikum.rest.tests.AuthenticationTests@776aec5c]" started-at="2025-11-20T19:16:24 WIB" name="testCreatePostWithoutAuth" finished-at="2025-11-20T19:16:25 WIB" duration-ms="604" status="PASS">
          <reporter-output>
          </reporter-output>
        </test-method> <!-- testCreatePostWithoutAuth -->
        <test-method is-config="true" signature="setupMethod()[pri:0, instance:com.praktikum.rest.tests.AuthenticationTests@776aec5c]" started-at="2025-11-20T19:16:25 WIB" name="setupMethod" finished-at="2025-11-20T19:16:25 WIB" duration-ms="4" status="PASS">
          <reporter-output>
          </reporter-output>
        </test-method> <!-- setupMethod -->
        <test-method signature="testFailedAuthenticationMock()[pri:0, instance:com.praktikum.rest.tests.AuthenticationTests@776aec5c]" started-at="2025-11-20T19:16:25 WIB" name="testFailedAuthenticationMock" finished-at="2025-11-20T19:16:25 WIB" duration-ms="197" status="PASS">
          <reporter-output>
          </reporter-output>
        </test-method> <!-- testFailedAuthenticationMock -->
        <test-method is-config="true" signature="setupMethod()[pri:0, instance:com.praktikum.rest.tests.AuthenticationTests@776aec5c]" started-at="2025-11-20T19:16:25 WIB" name="setupMethod" finished-at="2025-11-20T19:16:25 WIB" duration-ms="3" status="PASS">
          <reporter-output>
          </reporter-output>
        </test-method> <!-- setupMethod -->
        <test-method signature="testReqResAPIAvailability()[pri:0, instance:com.praktikum.rest.tests.AuthenticationTests@776aec5c]" started-at="2025-11-20T19:16:25 WIB" name="testReqResAPIAvailability" finished-at="2025-11-20T19:16:25 WIB" duration-ms="192" status="PASS">
          <reporter-output>
          </reporter-output>
        </test-method> <!-- testReqResAPIAvailability -->
        <test-method is-config="true" signature="setupMethod()[pri:0, instance:com.praktikum.rest.tests.AuthenticationTests@776aec5c]" started-at="2025-11-20T19:16:25 WIB" name="setupMethod" finished-at="2025-11-20T19:16:25 WIB" duration-ms="4" status="PASS">
          <reporter-output>
          </reporter-output>
        </test-method> <!-- setupMethod -->
        <test-method signature="testResponseHeaders()[pri:0, instance:com.praktikum.rest.tests.AuthenticationTests@776aec5c]" started-at="2025-11-20T19:16:25 WIB" name="testResponseHeaders" finished-at="2025-11-20T19:16:25 WIB" duration-ms="250" status="PASS">
          <reporter-output>
          </reporter-output>
        </test-method> <!-- testResponseHeaders -->
        <test-method is-config="true" signature="setupMethod()[pri:0, instance:com.praktikum.rest.tests.AuthenticationTests@776aec5c]" started-at="2025-11-20T19:16:25 WIB" name="setupMethod" finished-at="2025-11-20T19:16:25 WIB" duration-ms="4" status="PASS">
          <reporter-output>
          </reporter-output>
        </test-method> <!-- setupMethod -->
        <test-method signature="testSuccessfulLoginMock()[pri:0, instance:com.praktikum.rest.tests.AuthenticationTests@776aec5c]" started-at="2025-11-20T19:16:25 WIB" name="testSuccessfulLoginMock" finished-at="2025-11-20T19:16:26 WIB" duration-ms="203" status="PASS">
          <reporter-output>
          </reporter-output>
        </test-method> <!-- testSuccessfulLoginMock -->
        <test-method is-config="true" signature="setupMethod()[pri:0, instance:com.praktikum.rest.tests.AuthenticationTests@776aec5c]" started-at="2025-11-20T19:16:26 WIB" name="setupMethod" finished-at="2025-11-20T19:16:26 WIB" duration-ms="5" status="PASS">
          <reporter-output>
          </reporter-output>
        </test-method> <!-- setupMethod -->
        <test-method signature="testWithMalformedData()[pri:0, instance:com.praktikum.rest.tests.AuthenticationTests@776aec5c]" started-at="2025-11-20T19:16:26 WIB" name="testWithMalformedData" finished-at="2025-11-20T19:16:26 WIB" duration-ms="449" status="PASS">
          <reporter-output>
          </reporter-output>
        </test-method> <!-- testWithMalformedData -->
      </class> <!-- com.praktikum.rest.tests.AuthenticationTests -->
    </test> <!-- Authentication Tests - ReqRes -->
    <test started-at="2025-11-20T19:16:26 WIB" name="Advanced API Tests" finished-at="2025-11-20T19:16:34 WIB" duration-ms="8046">
      <class name="com.praktikum.rest.tests.AdvancedAPITests">
        <test-method is-config="true" signature="setup()[pri:0, instance:com.praktikum.rest.tests.AdvancedAPITests@3c9754d8]" started-at="2025-11-20T19:16:26 WIB" name="setup" finished-at="2025-11-20T19:16:26 WIB" duration-ms="3" status="PASS">
          <reporter-output>
          </reporter-output>
        </test-method> <!-- setup -->
        <test-method is-config="true" signature="setupMethod()[pri:0, instance:com.praktikum.rest.tests.AdvancedAPITests@3c9754d8]" started-at="2025-11-20T19:16:26 WIB" name="setupMethod" finished-at="2025-11-20T19:16:26 WIB" duration-ms="3" status="PASS">
          <reporter-output>
          </reporter-output>
        </test-method> <!-- setupMethod -->
        <test-method signature="testCreateUserWithEmptyBody()[pri:0, instance:com.praktikum.rest.tests.AdvancedAPITests@3c9754d8]" started-at="2025-11-20T19:16:26 WIB" name="testCreateUserWithEmptyBody" finished-at="2025-11-20T19:16:27 WIB" duration-ms="471" status="PASS">
          <reporter-output>
          </reporter-output>
        </test-method> <!-- testCreateUserWithEmptyBody -->
        <test-method is-config="true" signature="setupMethod()[pri:0, instance:com.praktikum.rest.tests.AdvancedAPITests@3c9754d8]" started-at="2025-11-20T19:16:27 WIB" name="setupMethod" finished-at="2025-11-20T19:16:27 WIB" duration-ms="2" status="PASS">
          <reporter-output>
          </reporter-output>
        </test-method> <!-- setupMethod -->
        <test-method signature="testCreateUserWithFakerJson()[pri:0, instance:com.praktikum.rest.tests.AdvancedAPITests@3c9754d8]" started-at="2025-11-20T19:16:27 WIB" name="testCreateUserWithFakerJson" finished-at="2025-11-20T19:16:28 WIB" duration-ms="1093" status="PASS">
          <reporter-output>
          </reporter-output>
        </test-method> <!-- testCreateUserWithFakerJson -->
        <test-method is-config="true" signature="setupMethod()[pri:0, instance:com.praktikum.rest.tests.AdvancedAPITests@3c9754d8]" started-at="2025-11-20T19:16:28 WIB" name="setupMethod" finished-at="2025-11-20T19:16:28 WIB" duration-ms="4" status="PASS">
          <reporter-output>
          </reporter-output>
        </test-method> <!-- setupMethod -->
        <test-method signature="testCreateUserWithHashMap()[pri:0, instance:com.praktikum.rest.tests.AdvancedAPITests@3c9754d8]" started-at="2025-11-20T19:16:28 WIB" name="testCreateUserWithHashMap" finished-at="2025-11-20T19:16:29 WIB" duration-ms="759" status="PASS">
          <reporter-output>
          </reporter-output>
        </test-method> <!-- testCreateUserWithHashMap -->
        <test-method is-config="true" signature="setupMethod()[pri:0, instance:com.praktikum.rest.tests.AdvancedAPITests@3c9754d8]" started-at="2025-11-20T19:16:29 WIB" name="setupMethod" finished-at="2025-11-20T19:16:29 WIB" duration-ms="4" status="PASS">
          <reporter-output>
          </reporter-output>
        </test-method> <!-- setupMethod -->
        <test-method signature="testCreateUserWithInvalidJSON()[pri:0, instance:com.praktikum.rest.tests.AdvancedAPITests@3c9754d8]" started-at="2025-11-20T19:16:29 WIB" name="testCreateUserWithInvalidJSON" finished-at="2025-11-20T19:16:29 WIB" duration-ms="877" status="PASS">
          <reporter-output>
          </reporter-output>
        </test-method> <!-- testCreateUserWithInvalidJSON -->
        <test-method is-config="true" signature="setupMethod()[pri:0, instance:com.praktikum.rest.tests.AdvancedAPITests@3c9754d8]" started-at="2025-11-20T19:16:29 WIB" name="setupMethod" finished-at="2025-11-20T19:16:29 WIB" duration-ms="5" status="PASS">
          <reporter-output>
          </reporter-output>
        </test-method> <!-- setupMethod -->
        <test-method signature="testCreateUserWithNullValues()[pri:0, instance:com.praktikum.rest.tests.AdvancedAPITests@3c9754d8]" started-at="2025-11-20T19:16:29 WIB" name="testCreateUserWithNullValues" finished-at="2025-11-20T19:16:30 WIB" duration-ms="525" status="PASS">
          <reporter-output>
          </reporter-output>
        </test-method> <!-- testCreateUserWithNullValues -->
        <test-method is-config="true" signature="setupMethod()[pri:0, instance:com.praktikum.rest.tests.AdvancedAPITests@3c9754d8]" started-at="2025-11-20T19:16:30 WIB" name="setupMethod" finished-at="2025-11-20T19:16:30 WIB" duration-ms="3" status="PASS">
          <reporter-output>
          </reporter-output>
        </test-method> <!-- setupMethod -->
        <test-method signature="testCreateUserWithVeryLongName()[pri:0, instance:com.praktikum.rest.tests.AdvancedAPITests@3c9754d8]" started-at="2025-11-20T19:16:30 WIB" name="testCreateUserWithVeryLongName" finished-at="2025-11-20T19:16:30 WIB" duration-ms="394" status="PASS">
          <reporter-output>
          </reporter-output>
        </test-method> <!-- testCreateUserWithVeryLongName -->
        <test-method is-config="true" signature="setupMethod()[pri:0, instance:com.praktikum.rest.tests.AdvancedAPITests@3c9754d8]" started-at="2025-11-20T19:16:30 WIB" name="setupMethod" finished-at="2025-11-20T19:16:30 WIB" duration-ms="2" status="PASS">
          <reporter-output>
          </reporter-output>
        </test-method> <!-- setupMethod -->
        <test-method signature="testDataDrivenWithFaker()[pri:0, instance:com.praktikum.rest.tests.AdvancedAPITests@3c9754d8]" started-at="2025-11-20T19:16:30 WIB" name="testDataDrivenWithFaker" finished-at="2025-11-20T19:16:31 WIB" duration-ms="875" status="PASS">
          <reporter-output>
          </reporter-output>
        </test-method> <!-- testDataDrivenWithFaker -->
        <test-method is-config="true" signature="setupMethod()[pri:0, instance:com.praktikum.rest.tests.AdvancedAPITests@3c9754d8]" started-at="2025-11-20T19:16:31 WIB" name="setupMethod" finished-at="2025-11-20T19:16:31 WIB" duration-ms="4" status="PASS">
          <reporter-output>
          </reporter-output>
        </test-method> <!-- setupMethod -->
        <test-method signature="testGetPostsForUser()[pri:0, instance:com.praktikum.rest.tests.AdvancedAPITests@3c9754d8]" started-at="2025-11-20T19:16:31 WIB" name="testGetPostsForUser" finished-at="2025-11-20T19:16:31 WIB" duration-ms="168" status="PASS">
          <reporter-output>
          </reporter-output>
        </test-method> <!-- testGetPostsForUser -->
        <test-method is-config="true" signature="setupMethod()[pri:0, instance:com.praktikum.rest.tests.AdvancedAPITests@3c9754d8]" started-at="2025-11-20T19:16:31 WIB" name="setupMethod" finished-at="2025-11-20T19:16:31 WIB" duration-ms="2" status="PASS">
          <reporter-output>
          </reporter-output>
        </test-method> <!-- setupMethod -->
        <test-method signature="testGetUserWithInvalidId()[pri:0, instance:com.praktikum.rest.tests.AdvancedAPITests@3c9754d8]" started-at="2025-11-20T19:16:31 WIB" name="testGetUserWithInvalidId" finished-at="2025-11-20T19:16:32 WIB" duration-ms="152" status="PASS">
          <reporter-output>
          </reporter-output>
        </test-method> <!-- testGetUserWithInvalidId -->
        <test-method is-config="true" signature="setupMethod()[pri:0, instance:com.praktikum.rest.tests.AdvancedAPITests@3c9754d8]" started-at="2025-11-20T19:16:32 WIB" name="setupMethod" finished-at="2025-11-20T19:16:32 WIB" duration-ms="2" status="PASS">
          <reporter-output>
          </reporter-output>
        </test-method> <!-- setupMethod -->
        <test-method signature="testMultipleUsersWithDataProvider(int)[pri:0, instance:com.praktikum.rest.tests.AdvancedAPITests@3c9754d8]" started-at="2025-11-20T19:16:32 WIB" name="testMultipleUsersWithDataProvider" data-provider="validUserIds" finished-at="2025-11-20T19:16:32 WIB" duration-ms="176" status="PASS">
          <params>
            <param index="0">
              <value>
                <![CDATA[1]]>
              </value>
            </param>
          </params>
          <reporter-output>
          </reporter-output>
        </test-method> <!-- testMultipleUsersWithDataProvider -->
        <test-method is-config="true" signature="setupMethod()[pri:0, instance:com.praktikum.rest.tests.AdvancedAPITests@3c9754d8]" started-at="2025-11-20T19:16:32 WIB" name="setupMethod" finished-at="2025-11-20T19:16:32 WIB" duration-ms="3" status="PASS">
          <reporter-output>
          </reporter-output>
        </test-method> <!-- setupMethod -->
        <test-method signature="testMultipleUsersWithDataProvider(int)[pri:0, instance:com.praktikum.rest.tests.AdvancedAPITests@3c9754d8]" started-at="2025-11-20T19:16:32 WIB" name="testMultipleUsersWithDataProvider" data-provider="validUserIds" finished-at="2025-11-20T19:16:32 WIB" duration-ms="212" status="PASS">
          <params>
            <param index="0">
              <value>
                <![CDATA[2]]>
              </value>
            </param>
          </params>
          <reporter-output>
          </reporter-output>
        </test-method> <!-- testMultipleUsersWithDataProvider -->
        <test-method is-config="true" signature="setupMethod()[pri:0, instance:com.praktikum.rest.tests.AdvancedAPITests@3c9754d8]" started-at="2025-11-20T19:16:32 WIB" name="setupMethod" finished-at="2025-11-20T19:16:32 WIB" duration-ms="2" status="PASS">
          <reporter-output>
          </reporter-output>
        </test-method> <!-- setupMethod -->
        <test-method signature="testMultipleUsersWithDataProvider(int)[pri:0, instance:com.praktikum.rest.tests.AdvancedAPITests@3c9754d8]" started-at="2025-11-20T19:16:32 WIB" name="testMultipleUsersWithDataProvider" data-provider="validUserIds" finished-at="2025-11-20T19:16:32 WIB" duration-ms="213" status="PASS">
          <params>
            <param index="0">
              <value>
                <![CDATA[3]]>
              </value>
            </param>
          </params>
          <reporter-output>
          </reporter-output>
        </test-method> <!-- testMultipleUsersWithDataProvider -->
        <test-method is-config="true" signature="setupMethod()[pri:0, instance:com.praktikum.rest.tests.AdvancedAPITests@3c9754d8]" started-at="2025-11-20T19:16:32 WIB" name="setupMethod" finished-at="2025-11-20T19:16:32 WIB" duration-ms="2" status="PASS">
          <reporter-output>
          </reporter-output>
        </test-method> <!-- setupMethod -->
        <test-method signature="testMultipleUsersWithDataProvider(int)[pri:0, instance:com.praktikum.rest.tests.AdvancedAPITests@3c9754d8]" started-at="2025-11-20T19:16:32 WIB" name="testMultipleUsersWithDataProvider" data-provider="validUserIds" finished-at="2025-11-20T19:16:32 WIB" duration-ms="197" status="PASS">
          <params>
            <param index="0">
              <value>
                <![CDATA[4]]>
              </value>
            </param>
          </params>
          <reporter-output>
          </reporter-output>
        </test-method> <!-- testMultipleUsersWithDataProvider -->
        <test-method is-config="true" signature="setupMethod()[pri:0, instance:com.praktikum.rest.tests.AdvancedAPITests@3c9754d8]" started-at="2025-11-20T19:16:32 WIB" name="setupMethod" finished-at="2025-11-20T19:16:32 WIB" duration-ms="4" status="PASS">
          <reporter-output>
          </reporter-output>
        </test-method> <!-- setupMethod -->
        <test-method signature="testMultipleUsersWithDataProvider(int)[pri:0, instance:com.praktikum.rest.tests.AdvancedAPITests@3c9754d8]" started-at="2025-11-20T19:16:32 WIB" name="testMultipleUsersWithDataProvider" data-provider="validUserIds" finished-at="2025-11-20T19:16:33 WIB" duration-ms="229" status="PASS">
          <params>
            <param index="0">
              <value>
                <![CDATA[5]]>
              </value>
            </param>
          </params>
          <reporter-output>
          </reporter-output>
        </test-method> <!-- testMultipleUsersWithDataProvider -->
        <test-method is-config="true" signature="setupMethod()[pri:0, instance:com.praktikum.rest.tests.AdvancedAPITests@3c9754d8]" started-at="2025-11-20T19:16:33 WIB" name="setupMethod" finished-at="2025-11-20T19:16:33 WIB" duration-ms="2" status="PASS">
          <reporter-output>
          </reporter-output>
        </test-method> <!-- setupMethod -->
        <test-method signature="testPaginationFunctionality()[pri:0, instance:com.praktikum.rest.tests.AdvancedAPITests@3c9754d8]" started-at="2025-11-20T19:16:33 WIB" name="testPaginationFunctionality" finished-at="2025-11-20T19:16:33 WIB" duration-ms="272" status="PASS">
          <reporter-output>
          </reporter-output>
        </test-method> <!-- testPaginationFunctionality -->
        <test-method is-config="true" signature="setupMethod()[pri:0, instance:com.praktikum.rest.tests.AdvancedAPITests@3c9754d8]" started-at="2025-11-20T19:16:33 WIB" name="setupMethod" finished-at="2025-11-20T19:16:33 WIB" duration-ms="3" status="PASS">
          <reporter-output>
          </reporter-output>
        </test-method> <!-- setupMethod -->
        <test-method signature="testResponseHeadersValidation()[pri:0, instance:com.praktikum.rest.tests.AdvancedAPITests@3c9754d8]" started-at="2025-11-20T19:16:33 WIB" name="testResponseHeadersValidation" finished-at="2025-11-20T19:16:33 WIB" duration-ms="194" status="PASS">
          <reporter-output>
          </reporter-output>
        </test-method> <!-- testResponseHeadersValidation -->
        <test-method is-config="true" signature="setupMethod()[pri:0, instance:com.praktikum.rest.tests.AdvancedAPITests@3c9754d8]" started-at="2025-11-20T19:16:33 WIB" name="setupMethod" finished-at="2025-11-20T19:16:33 WIB" duration-ms="2" status="PASS">
          <reporter-output>
          </reporter-output>
        </test-method> <!-- setupMethod -->
        <test-method signature="testResponseTimePerformance()[pri:0, instance:com.praktikum.rest.tests.AdvancedAPITests@3c9754d8]" started-at="2025-11-20T19:16:33 WIB" name="testResponseTimePerformance" finished-at="2025-11-20T19:16:33 WIB" duration-ms="195" status="PASS">
          <reporter-output>
          </reporter-output>
        </test-method> <!-- testResponseTimePerformance -->
        <test-method is-config="true" signature="setupMethod()[pri:0, instance:com.praktikum.rest.tests.AdvancedAPITests@3c9754d8]" started-at="2025-11-20T19:16:33 WIB" name="setupMethod" finished-at="2025-11-20T19:16:33 WIB" duration-ms="4" status="PASS">
          <reporter-output>
          </reporter-output>
        </test-method> <!-- setupMethod -->
        <test-method signature="testUpdateUserWithPartialData()[pri:0, instance:com.praktikum.rest.tests.AdvancedAPITests@3c9754d8]" started-at="2025-11-20T19:16:33 WIB" name="testUpdateUserWithPartialData" finished-at="2025-11-20T19:16:34 WIB" duration-ms="940" status="PASS">
          <reporter-output>
          </reporter-output>
        </test-method> <!-- testUpdateUserWithPartialData -->
      </class> <!-- com.praktikum.rest.tests.AdvancedAPITests -->
    </test> <!-- Advanced API Tests -->
    <test started-at="2025-11-20T19:16:34 WIB" name="Faker Data Tests" finished-at="2025-11-20T19:16:38 WIB" duration-ms="3817">
      <class name="com.praktikum.rest.tests.FakerDataTests">
        <test-method is-config="true" signature="setup()[pri:0, instance:com.praktikum.rest.tests.FakerDataTests@55b0dcab]" started-at="2025-11-20T19:16:34 WIB" name="setup" finished-at="2025-11-20T19:16:34 WIB" duration-ms="4" status="PASS">
          <reporter-output>
          </reporter-output>
        </test-method> <!-- setup -->
        <test-method is-config="true" signature="setupMethod()[pri:0, instance:com.praktikum.rest.tests.FakerDataTests@55b0dcab]" started-at="2025-11-20T19:16:34 WIB" name="setupMethod" finished-at="2025-11-20T19:16:34 WIB" duration-ms="1" status="PASS">
          <reporter-output>
          </reporter-output>
        </test-method> <!-- setupMethod -->
        <test-method signature="testCreateMultipleUsersWithFaker()[pri:0, instance:com.praktikum.rest.tests.FakerDataTests@55b0dcab]" started-at="2025-11-20T19:16:34 WIB" name="testCreateMultipleUsersWithFaker" finished-at="2025-11-20T19:16:35 WIB" duration-ms="825" status="PASS">
          <reporter-output>
          </reporter-output>
        </test-method> <!-- testCreateMultipleUsersWithFaker -->
        <test-method is-config="true" signature="setupMethod()[pri:0, instance:com.praktikum.rest.tests.FakerDataTests@55b0dcab]" started-at="2025-11-20T19:16:35 WIB" name="setupMethod" finished-at="2025-11-20T19:16:35 WIB" duration-ms="2" status="PASS">
          <reporter-output>
          </reporter-output>
        </test-method> <!-- setupMethod -->
        <test-method signature="testCreateUserWithAddress()[pri:0, instance:com.praktikum.rest.tests.FakerDataTests@55b0dcab]" started-at="2025-11-20T19:16:35 WIB" name="testCreateUserWithAddress" finished-at="2025-11-20T19:16:35 WIB" duration-ms="393" status="PASS">
          <reporter-output>
          </reporter-output>
        </test-method> <!-- testCreateUserWithAddress -->
        <test-method is-config="true" signature="setupMethod()[pri:0, instance:com.praktikum.rest.tests.FakerDataTests@55b0dcab]" started-at="2025-11-20T19:16:35 WIB" name="setupMethod" finished-at="2025-11-20T19:16:35 WIB" duration-ms="2" status="PASS">
          <reporter-output>
          </reporter-output>
        </test-method> <!-- setupMethod -->
        <test-method signature="testCreateUserWithCompanyData()[pri:0, instance:com.praktikum.rest.tests.FakerDataTests@55b0dcab]" started-at="2025-11-20T19:16:35 WIB" name="testCreateUserWithCompanyData" finished-at="2025-11-20T19:16:36 WIB" duration-ms="397" status="PASS">
          <reporter-output>
          </reporter-output>
        </test-method> <!-- testCreateUserWithCompanyData -->
        <test-method is-config="true" signature="setupMethod()[pri:0, instance:com.praktikum.rest.tests.FakerDataTests@55b0dcab]" started-at="2025-11-20T19:16:36 WIB" name="setupMethod" finished-at="2025-11-20T19:16:36 WIB" duration-ms="2" status="PASS">
          <reporter-output>
          </reporter-output>
        </test-method> <!-- setupMethod -->
        <test-method signature="testCreateUserWithFakerData()[pri:0, instance:com.praktikum.rest.tests.FakerDataTests@55b0dcab]" started-at="2025-11-20T19:16:36 WIB" name="testCreateUserWithFakerData" finished-at="2025-11-20T19:16:36 WIB" duration-ms="471" status="PASS">
          <reporter-output>
          </reporter-output>
        </test-method> <!-- testCreateUserWithFakerData -->
        <test-method is-config="true" signature="setupMethod()[pri:0, instance:com.praktikum.rest.tests.FakerDataTests@55b0dcab]" started-at="2025-11-20T19:16:36 WIB" name="setupMethod" finished-at="2025-11-20T19:16:36 WIB" duration-ms="3" status="PASS">
          <reporter-output>
          </reporter-output>
        </test-method> <!-- setupMethod -->
        <test-method signature="testCreateUserWithIndonesianData()[pri:0, instance:com.praktikum.rest.tests.FakerDataTests@55b0dcab]" started-at="2025-11-20T19:16:36 WIB" name="testCreateUserWithIndonesianData" finished-at="2025-11-20T19:16:37 WIB" duration-ms="433" status="PASS">
          <reporter-output>
          </reporter-output>
        </test-method> <!-- testCreateUserWithIndonesianData -->
        <test-method is-config="true" signature="setupMethod()[pri:0, instance:com.praktikum.rest.tests.FakerDataTests@55b0dcab]" started-at="2025-11-20T19:16:37 WIB" name="setupMethod" finished-at="2025-11-20T19:16:37 WIB" duration-ms="2" status="PASS">
          <reporter-output>
          </reporter-output>
        </test-method> <!-- setupMethod -->
        <test-method signature="testDataVariationWithFaker()[pri:0, instance:com.praktikum.rest.tests.FakerDataTests@55b0dcab]" started-at="2025-11-20T19:16:37 WIB" name="testDataVariationWithFaker" finished-at="2025-11-20T19:16:38 WIB" duration-ms="1271" status="PASS">
          <reporter-output>
          </reporter-output>
        </test-method> <!-- testDataVariationWithFaker -->
      </class> <!-- com.praktikum.rest.tests.FakerDataTests -->
    </test> <!-- Faker Data Tests -->
  </suite> <!-- API Testing Suite -->
</testng-results>
