<?xml version="1.0" encoding="UTF-8"?>
<!-- Generated by org.testng.reporters.JUnitReportReporter -->
<testsuite hostname="DESKTOP-OIBOMJT" failures="0" tests="18" name="com.praktikum.rest.tests.AdvancedAPITests" time="7.995" errors="0" timestamp="2025-11-20T19:16:38 WIB" skipped="0">
  <testcase classname="com.praktikum.rest.tests.AdvancedAPITests" name="testMultipleUsersWithDataProvider" time="0.231"/>
  <testcase classname="com.praktikum.rest.tests.AdvancedAPITests" name="testMultipleUsersWithDataProvider" time="0.215"/>
  <testcase classname="com.praktikum.rest.tests.AdvancedAPITests" name="testCreateUserWithVeryLongName" time="0.398"/>
  <testcase classname="com.praktikum.rest.tests.AdvancedAPITests" name="testMultipleUsersWithDataProvider" time="0.199"/>
  <testcase classname="com.praktikum.rest.tests.AdvancedAPITests" name="testCreateUserWithInvalidJSON" time="0.879"/>
  <testcase classname="com.praktikum.rest.tests.AdvancedAPITests" name="testCreateUserWithHashMap" time="0.763"/>
  <testcase classname="com.praktikum.rest.tests.AdvancedAPITests" name="testResponseHeadersValidation" time="0.196"/>
  <testcase classname="com.praktikum.rest.tests.AdvancedAPITests" name="testResponseTimePerformance" time="0.200"/>
  <testcase classname="com.praktikum.rest.tests.AdvancedAPITests" name="testCreateUserWithNullValues" time="0.527"/>
  <testcase classname="com.praktikum.rest.tests.AdvancedAPITests" name="testUpdateUserWithPartialData" time="0.943"/>
  <testcase classname="com.praktikum.rest.tests.AdvancedAPITests" name="testCreateUserWithEmptyBody" time="0.473"/>
  <testcase classname="com.praktikum.rest.tests.AdvancedAPITests" name="testCreateUserWithFakerJson" time="1.095"/>
  <testcase classname="com.praktikum.rest.tests.AdvancedAPITests" name="testMultipleUsersWithDataProvider" time="0.217"/>
  <testcase classname="com.praktikum.rest.tests.AdvancedAPITests" name="testMultipleUsersWithDataProvider" time="0.180"/>
  <testcase classname="com.praktikum.rest.tests.AdvancedAPITests" name="testGetUserWithInvalidId" time="0.155"/>
  <testcase classname="com.praktikum.rest.tests.AdvancedAPITests" name="testGetPostsForUser" time="0.170"/>
  <testcase classname="com.praktikum.rest.tests.AdvancedAPITests" name="testDataDrivenWithFaker" time="0.879"/>
  <testcase classname="com.praktikum.rest.tests.AdvancedAPITests" name="testPaginationFunctionality" time="0.275"/>
</testsuite> <!-- com.praktikum.rest.tests.AdvancedAPITests -->
