<?xml version="1.0" encoding="UTF-8"?>
<!-- Generated by org.testng.reporters.JUnitReportReporter -->
<testsuite hostname="DESKTOP-OIBOMJT" failures="0" tests="6" name="com.praktikum.rest.tests.AuthenticationTests" time="1.918" errors="0" timestamp="2025-11-20T19:16:38 WIB" skipped="0">
  <testcase classname="com.praktikum.rest.tests.AuthenticationTests" name="testFailedAuthenticationMock" time="0.200"/>
  <testcase classname="com.praktikum.rest.tests.AuthenticationTests" name="testCreatePostWithoutAuth" time="0.609"/>
  <testcase classname="com.praktikum.rest.tests.AuthenticationTests" name="testResponseHeaders" time="0.254"/>
  <testcase classname="com.praktikum.rest.tests.AuthenticationTests" name="testReqResAPIAvailability" time="0.196"/>
  <testcase classname="com.praktikum.rest.tests.AuthenticationTests" name="testWithMalformedData" time="0.453"/>
  <testcase classname="com.praktikum.rest.tests.AuthenticationTests" name="testSuccessfulLoginMock" time="0.206"/>
</testsuite> <!-- com.praktikum.rest.tests.AuthenticationTests -->
