<?xml version="1.0" encoding="UTF-8"?>
<!-- Generated by org.testng.reporters.JUnitReportReporter -->
<testsuite hostname="DESKTOP-OIBOMJT" failures="0" tests="6" name="com.praktikum.rest.tests.FakerDataTests" time="3.802" errors="0" timestamp="2025-11-20T19:16:38 WIB" skipped="0">
  <testcase classname="com.praktikum.rest.tests.FakerDataTests" name="testCreateUserWithCompanyData" time="0.399"/>
  <testcase classname="com.praktikum.rest.tests.FakerDataTests" name="testDataVariationWithFaker" time="1.273"/>
  <testcase classname="com.praktikum.rest.tests.FakerDataTests" name="testCreateMultipleUsersWithFaker" time="0.826"/>
  <testcase classname="com.praktikum.rest.tests.FakerDataTests" name="testCreateUserWithFakerData" time="0.474"/>
  <testcase classname="com.praktikum.rest.tests.FakerDataTests" name="testCreateUserWithAddress" time="0.395"/>
  <testcase classname="com.praktikum.rest.tests.FakerDataTests" name="testCreateUserWithIndonesianData" time="0.435"/>
</testsuite> <!-- com.praktikum.rest.tests.FakerDataTests -->
