<?xml version="1.0" encoding="UTF-8"?>
<!-- Generated by org.testng.reporters.JUnitReportReporter -->
<testsuite hostname="DESKTOP-OIBOMJT" failures="0" tests="6" name="com.praktikum.rest.tests.UserAPITests" time="13.322" errors="0" timestamp="2025-11-20T19:16:38 WIB" skipped="0">
  <testcase classname="com.praktikum.rest.tests.UserAPITests" name="testCreateUser" time="3.828"/>
  <testcase classname="com.praktikum.rest.tests.UserAPITests" name="testDeleteUser" time="0.473"/>
  <testcase classname="com.praktikum.rest.tests.UserAPITests" name="testGetUserById" time="6.324"/>
  <testcase classname="com.praktikum.rest.tests.UserAPITests" name="testGetAllUsers" time="0.989"/>
  <testcase classname="com.praktikum.rest.tests.UserAPITests" name="testGetUserNotFound" time="0.307"/>
  <testcase classname="com.praktikum.rest.tests.UserAPITests" name="testUpdateUser" time="1.401"/>
</testsuite> <!-- com.praktikum.rest.tests.UserAPITests -->
